2024-09-27 22:39:24,678 INFO o.a.j.u.JMeterUtils: Setting Locale to en_EN
2024-09-27 22:39:24,698 INFO o.a.j.JMeter: Loading user properties from: user.properties
2024-09-27 22:39:24,699 INFO o.a.j.JMeter: Loading system properties from: system.properties
2024-09-27 22:39:24,704 INFO o.a.j.JMeter: Copyright (c) 1998-2024 The Apache Software Foundation
2024-09-27 22:39:24,704 INFO o.a.j.JMeter: Version 5.6.3
2024-09-27 22:39:24,704 INFO o.a.j.JMeter: java.version=21.0.3
2024-09-27 22:39:24,704 INFO o.a.j.JMeter: java.vm.name=Java HotSpot(TM) 64-Bit Server VM
2024-09-27 22:39:24,704 INFO o.a.j.JMeter: os.name=Windows 11
2024-09-27 22:39:24,704 INFO o.a.j.JMeter: os.arch=amd64
2024-09-27 22:39:24,704 INFO o.a.j.JMeter: os.version=10.0
2024-09-27 22:39:24,704 INFO o.a.j.JMeter: file.encoding=UTF-8
2024-09-27 22:39:24,704 INFO o.a.j.JMeter: java.awt.headless=null
2024-09-27 22:39:24,704 INFO o.a.j.JMeter: Max memory     =1073741824
2024-09-27 22:39:24,704 INFO o.a.j.JMeter: Available Processors =8
2024-09-27 22:39:24,712 INFO o.a.j.JMeter: Default Locale=English (EN)
2024-09-27 22:39:24,712 INFO o.a.j.JMeter: JMeter  Locale=English (EN)
2024-09-27 22:39:24,712 INFO o.a.j.JMeter: JMeterHome=C:\apache-jmeter-5.6.3
2024-09-27 22:39:24,712 INFO o.a.j.JMeter: user.dir  =C:\apache-jmeter-5.6.3\bin
2024-09-27 22:39:24,712 INFO o.a.j.JMeter: PWD       =C:\apache-jmeter-5.6.3\bin
2024-09-27 22:39:24,714 INFO o.a.j.JMeter: IP: 192.168.0.105 Name: LAPTOP-RAQOTQJ9 FullName: LAPTOP-RAQOTQJ9
2024-09-27 22:39:24,725 INFO o.a.j.JMeter: Loaded icon properties from org/apache/jmeter/images/icon.properties
2024-09-27 22:39:24,907 INFO o.a.j.JMeterGuiLauncher: Setting LAF to: com.github.weisj.darklaf.DarkLaf:com.github.weisj.darklaf.theme.DarculaTheme
2024-09-27 22:39:32,469 INFO o.a.j.s.FileServer: Default base='C:\apache-jmeter-5.6.3\bin'
2024-09-27 22:39:32,472 INFO o.a.j.g.a.Load: Loading file: C:\apache-jmeter-5.6.3\bin\HerokuLogin.jmx
2024-09-27 22:39:32,472 INFO o.a.j.s.FileServer: Set new base='C:\apache-jmeter-5.6.3\bin'
2024-09-27 22:39:32,659 INFO o.a.j.s.SaveService: Testplan (JMX) version: 2.2. Testlog (JTL) version: 2.2
2024-09-27 22:39:32,693 INFO o.a.j.s.SaveService: Using SaveService properties version 5.0
2024-09-27 22:39:32,695 INFO o.a.j.s.SaveService: Using SaveService properties file encoding UTF-8
2024-09-27 22:39:32,696 INFO o.a.j.s.SaveService: Loading file: C:\apache-jmeter-5.6.3\bin\HerokuLogin.jmx
2024-09-27 22:39:32,722 INFO o.a.j.p.h.s.HTTPSamplerBase: Parser for text/html is org.apache.jmeter.protocol.http.parser.LagartoBasedHtmlParser
2024-09-27 22:39:32,722 INFO o.a.j.p.h.s.HTTPSamplerBase: Parser for application/xhtml+xml is org.apache.jmeter.protocol.http.parser.LagartoBasedHtmlParser
2024-09-27 22:39:32,722 INFO o.a.j.p.h.s.HTTPSamplerBase: Parser for application/xml is org.apache.jmeter.protocol.http.parser.LagartoBasedHtmlParser
2024-09-27 22:39:32,722 INFO o.a.j.p.h.s.HTTPSamplerBase: Parser for text/xml is org.apache.jmeter.protocol.http.parser.LagartoBasedHtmlParser
2024-09-27 22:39:32,722 INFO o.a.j.p.h.s.HTTPSamplerBase: Parser for text/vnd.wap.wml is org.apache.jmeter.protocol.http.parser.RegexpHTMLParser
2024-09-27 22:39:32,722 INFO o.a.j.p.h.s.HTTPSamplerBase: Parser for text/css is org.apache.jmeter.protocol.http.parser.CssParser
2024-09-27 22:39:32,957 INFO o.a.j.s.SampleResult: Note: Sample TimeStamps are START times
2024-09-27 22:39:32,957 INFO o.a.j.s.SampleResult: sampleresult.default.encoding is set to UTF-8
2024-09-27 22:39:32,957 INFO o.a.j.s.SampleResult: sampleresult.useNanoTime=true
2024-09-27 22:39:32,957 INFO o.a.j.s.SampleResult: sampleresult.nanoThreadSleep=5000
2024-09-27 22:39:33,227 INFO o.a.j.s.FileServer: Set new base='C:\apache-jmeter-5.6.3\bin'
2024-09-27 22:41:17,239 INFO o.a.j.e.StandardJMeterEngine: Running the test!
2024-09-27 22:41:17,240 INFO o.a.j.s.SampleEvent: List of sample_variables: []
2024-09-27 22:41:17,240 INFO o.a.j.s.SampleEvent: List of sample_variables: []
2024-09-27 22:41:17,241 INFO o.a.j.e.u.CompoundVariable: Note: Function class names must contain the string: '.functions.'
2024-09-27 22:41:17,241 INFO o.a.j.e.u.CompoundVariable: Note: Function class names must not contain the string: '.gui.'
2024-09-27 22:41:17,307 INFO o.a.j.g.u.JMeterMenuBar: setRunning(true, *local*)
2024-09-27 22:41:17,342 INFO o.a.j.e.StandardJMeterEngine: Starting ThreadGroup: 1 : BookingApplication
2024-09-27 22:41:17,343 INFO o.a.j.e.StandardJMeterEngine: Starting 1 threads for group BookingApplication.
2024-09-27 22:41:17,343 INFO o.a.j.e.StandardJMeterEngine: Thread will continue on error
2024-09-27 22:41:17,343 INFO o.a.j.t.ThreadGroup: Starting thread group... number=1 threads=1 ramp-up=1 delayedStart=false
2024-09-27 22:41:17,346 INFO o.a.j.t.ThreadGroup: Started thread group number 1
2024-09-27 22:41:17,346 INFO o.a.j.e.StandardJMeterEngine: All thread groups have been started
2024-09-27 22:41:17,346 INFO o.a.j.t.JMeterThread: Thread started: BookingApplication 1-1
2024-09-27 22:41:17,364 INFO o.a.j.p.h.s.HTTPHCAbstractImpl: Local host = LAPTOP-RAQOTQJ9
2024-09-27 22:41:17,372 INFO o.a.j.p.h.s.HTTPHC4Impl: HTTP request retry count = 0
2024-09-27 22:41:17,526 INFO o.a.j.p.h.s.h.LazyLayeredConnectionSocketFactory: Setting up HTTPS TrustAll Socket Factory
2024-09-27 22:41:17,530 INFO o.a.j.u.JsseSSLManager: Using default SSL protocol: TLS
2024-09-27 22:41:17,530 INFO o.a.j.u.JsseSSLManager: SSL session context: per-thread
2024-09-27 22:41:17,884 INFO o.a.j.u.SSLManager: JmeterKeyStore Location:  type JKS
2024-09-27 22:41:17,888 INFO o.a.j.u.SSLManager: KeyStore created OK
2024-09-27 22:41:17,889 WARN o.a.j.u.SSLManager: Keystore file not found, loading empty keystore
2024-09-27 22:41:20,144 INFO o.a.j.t.JMeterThread: Thread is done: BookingApplication 1-1
2024-09-27 22:41:20,144 INFO o.a.j.t.JMeterThread: Thread finished: BookingApplication 1-1
2024-09-27 22:41:20,147 INFO o.a.j.e.StandardJMeterEngine: Notifying test listeners of end of test
2024-09-27 22:41:20,147 INFO o.a.j.g.u.JMeterMenuBar: setRunning(false, *local*)
